2025-09-16 10:12:39,870 - WARNING - akshare 获取无风险利率失败，尝试网页抓取: 未找到中国10年期国债数据
2025-09-16 10:12:44,173 - INFO - 正在从 CSV 导入基金代码列表...
2025-09-16 10:12:44,380 - INFO - 导入成功，共 214 个基金代码
2025-09-16 10:12:44,384 - INFO - 分析前 18 个基金：['001407', '001724', '002052', '002112', '002163', '002170', '002580', '002771', '005118', '005312', '005551', '005959', '005963', '006503', '006523', '006888', '007114', '007356']...
2025-09-16 10:12:44,384 - INFO - 正在获取市场情绪数据...
2025-09-16 10:12:46,586 - INFO - 市场情绪数据已获取：{'sentiment': 'neutral', 'trend': 'neutral', 'score': np.float64(-3.7705234677962607)}
2025-09-16 10:12:46,587 - INFO - 处理批次 1，基金代码：['001407', '001724', '002052', '002112', '002163', '002170', '002580', '002771', '005118', '005312']
2025-09-16 10:12:46,587 - INFO - 正在获取基金 001407 的实时数据...
2025-09-16 10:12:47,998 - WARNING - 获取基金 001407 数据失败 (尝试 1/3): unsupported operand type(s) for -: 'float' and 'NoneType'
2025-09-16 10:12:47,998 - INFO - 正在获取基金 001407 的基金经理数据...
2025-09-16 10:13:09,899 - INFO - 基金 001407 经理数据已通过akshare获取：{'name': '江山', 'tenure_years': 3.4684931506849317, 'cumulative_return': 182.74}
2025-09-16 10:13:09,899 - INFO - 正在获取基金 001407 的持仓数据...
2025-09-16 10:13:11,182 - INFO - 基金 001407 持仓数据已通过akshare获取。
2025-09-16 10:13:13,246 - INFO - 基金 001407 Beta系数计算完成：1.42
2025-09-16 10:13:13,246 - INFO - 正在获取基金 001724 的实时数据...
2025-09-16 10:13:14,096 - WARNING - 获取基金 001724 数据失败 (尝试 1/3): unsupported operand type(s) for -: 'float' and 'NoneType'
2025-09-16 10:13:14,096 - INFO - 正在获取基金 001724 的基金经理数据...
2025-09-16 10:13:34,321 - INFO - 基金 001724 经理数据已通过akshare获取：{'name': '梁国柱', 'tenure_years': 2.852054794520548, 'cumulative_return': 56.93}
2025-09-16 10:13:34,321 - INFO - 正在获取基金 001724 的持仓数据...
2025-09-16 10:13:35,430 - INFO - 基金 001724 持仓数据已通过akshare获取。
2025-09-16 10:13:37,792 - INFO - 基金 001724 Beta系数计算完成：1.33
2025-09-16 10:13:37,792 - INFO - 正在获取基金 002052 的实时数据...
2025-09-16 10:13:39,724 - WARNING - 获取基金 002052 数据失败 (尝试 1/3): unsupported operand type(s) for -: 'float' and 'NoneType'
2025-09-16 10:13:39,725 - INFO - 正在获取基金 002052 的基金经理数据...
2025-09-16 10:13:57,588 - INFO - 基金 002052 经理数据已通过akshare获取：{'name': '邓心怡', 'tenure_years': 3.2, 'cumulative_return': 39.29}
2025-09-16 10:13:57,588 - INFO - 正在获取基金 002052 的持仓数据...
2025-09-16 10:13:58,585 - INFO - 基金 002052 持仓数据已通过akshare获取。
2025-09-16 10:14:00,382 - INFO - 基金 002052 Beta系数计算完成：1.60
2025-09-16 10:14:00,382 - INFO - 正在获取基金 002112 的实时数据...
2025-09-16 10:14:01,277 - WARNING - 获取基金 002112 数据失败 (尝试 1/3): unsupported operand type(s) for -: 'float' and 'NoneType'
2025-09-16 10:14:01,278 - INFO - 正在获取基金 002112 的基金经理数据...
2025-09-16 10:14:19,895 - INFO - 基金 002112 经理数据已通过akshare获取：{'name': '雷涛', 'tenure_years': 3.7205479452054795, 'cumulative_return': 238.45}
2025-09-16 10:14:19,896 - INFO - 正在获取基金 002112 的持仓数据...
2025-09-16 10:14:21,192 - INFO - 基金 002112 持仓数据已通过akshare获取。
2025-09-16 10:14:22,886 - INFO - 基金 002112 Beta系数计算完成：1.80
2025-09-16 10:14:22,886 - INFO - 正在获取基金 002163 的实时数据...
2025-09-16 10:14:23,019 - WARNING - 获取基金 002163 数据失败 (尝试 1/3): unsupported operand type(s) for -: 'float' and 'NoneType'
2025-09-16 10:14:23,020 - INFO - 正在获取基金 002163 的基金经理数据...
2025-09-16 10:14:43,060 - INFO - 基金 002163 经理数据已通过akshare获取：{'name': '严凯', 'tenure_years': 5.383561643835616, 'cumulative_return': 39.23}
2025-09-16 10:14:43,060 - INFO - 正在获取基金 002163 的持仓数据...
2025-09-16 10:14:43,998 - INFO - 基金 002163 持仓数据已通过akshare获取。
2025-09-16 10:14:45,761 - INFO - 基金 002163 Beta系数计算完成：1.40
2025-09-16 10:14:45,761 - INFO - 正在获取基金 002170 的实时数据...
2025-09-16 10:14:46,713 - WARNING - 获取基金 002170 数据失败 (尝试 1/3): unsupported operand type(s) for -: 'float' and 'NoneType'
2025-09-16 10:14:46,713 - INFO - 正在获取基金 002170 的基金经理数据...
2025-09-16 10:15:06,404 - INFO - 基金 002170 经理数据已通过akshare获取：{'name': '刘元海', 'tenure_years': 12.986301369863014, 'cumulative_return': 549.84}
2025-09-16 10:15:06,404 - INFO - 正在获取基金 002170 的持仓数据...
2025-09-16 10:15:07,389 - INFO - 基金 002170 持仓数据已通过akshare获取。
2025-09-16 10:15:09,593 - INFO - 基金 002170 Beta系数计算完成：1.35
2025-09-16 10:15:09,594 - INFO - 正在获取基金 002580 的实时数据...
2025-09-16 10:15:11,250 - WARNING - 获取基金 002580 数据失败 (尝试 1/3): unsupported operand type(s) for -: 'float' and 'NoneType'
2025-09-16 10:15:11,250 - INFO - 正在获取基金 002580 的基金经理数据...
2025-09-16 10:15:30,154 - INFO - 基金 002580 经理数据已通过akshare获取：{'name': '董季周', 'tenure_years': 6.175342465753425, 'cumulative_return': 190.31}
2025-09-16 10:15:30,154 - INFO - 正在获取基金 002580 的持仓数据...
2025-09-16 10:15:31,660 - INFO - 基金 002580 持仓数据已通过akshare获取。
2025-09-16 10:15:33,566 - INFO - 基金 002580 Beta系数计算完成：1.81
2025-09-16 10:15:33,566 - INFO - 正在获取基金 002771 的实时数据...
2025-09-16 10:15:34,912 - WARNING - 获取基金 002771 数据失败 (尝试 1/3): unsupported operand type(s) for -: 'float' and 'NoneType'
2025-09-16 10:15:34,912 - INFO - 正在获取基金 002771 的基金经理数据...
2025-09-16 10:15:54,035 - INFO - 基金 002771 经理数据已通过akshare获取：{'name': '陈鹏', 'tenure_years': 16.663013698630138, 'cumulative_return': 210.84}
2025-09-16 10:15:54,035 - INFO - 正在获取基金 002771 的持仓数据...
2025-09-16 10:15:55,232 - INFO - 基金 002771 持仓数据已通过akshare获取。
2025-09-16 10:15:56,685 - INFO - 基金 002771 Beta系数计算完成：1.35
2025-09-16 10:15:56,685 - INFO - 正在获取基金 005118 的实时数据...
2025-09-16 10:15:57,740 - WARNING - 获取基金 005118 数据失败 (尝试 1/3): unsupported operand type(s) for -: 'float' and 'NoneType'
2025-09-16 10:15:57,740 - INFO - 正在获取基金 005118 的基金经理数据...
2025-09-16 10:16:17,430 - INFO - 基金 005118 经理数据已通过akshare获取：{'name': '谭智汨', 'tenure_years': 0.43561643835616437, 'cumulative_return': 52.14}
2025-09-16 10:16:17,430 - INFO - 正在获取基金 005118 的持仓数据...
2025-09-16 10:16:18,413 - INFO - 基金 005118 持仓数据已通过akshare获取。
2025-09-16 10:16:20,762 - INFO - 基金 005118 Beta系数计算完成：1.40
2025-09-16 10:16:20,762 - INFO - 正在获取基金 005312 的实时数据...
2025-09-16 10:16:22,017 - WARNING - 获取基金 005312 数据失败 (尝试 1/3): unsupported operand type(s) for -: 'float' and 'NoneType'
2025-09-16 10:16:22,018 - INFO - 正在获取基金 005312 的基金经理数据...
2025-09-16 10:16:45,203 - INFO - 基金 005312 经理数据已通过akshare获取：{'name': '黄兴亮', 'tenure_years': 11.254794520547945, 'cumulative_return': 167.91}
2025-09-16 10:16:45,203 - INFO - 正在获取基金 005312 的持仓数据...
2025-09-16 10:16:46,400 - INFO - 基金 005312 持仓数据已通过akshare获取。
2025-09-16 10:16:48,380 - INFO - 基金 005312 Beta系数计算完成：1.54
2025-09-16 10:16:48,504 - WARNING - 获取基金 001407 数据失败 (尝试 2/3): unsupported operand type(s) for -: 'float' and 'NoneType'
2025-09-16 10:16:48,966 - WARNING - 获取基金 001724 数据失败 (尝试 2/3): unsupported operand type(s) for -: 'float' and 'NoneType'
2025-09-16 10:16:49,284 - WARNING - 获取基金 002052 数据失败 (尝试 2/3): unsupported operand type(s) for -: 'float' and 'NoneType'
2025-09-16 10:16:49,434 - WARNING - 获取基金 002112 数据失败 (尝试 2/3): unsupported operand type(s) for -: 'float' and 'NoneType'
2025-09-16 10:16:49,735 - WARNING - 获取基金 002163 数据失败 (尝试 2/3): unsupported operand type(s) for -: 'float' and 'NoneType'
2025-09-16 10:16:50,141 - WARNING - 获取基金 002170 数据失败 (尝试 2/3): unsupported operand type(s) for -: 'float' and 'NoneType'
2025-09-16 10:16:50,484 - WARNING - 获取基金 002580 数据失败 (尝试 2/3): unsupported operand type(s) for -: 'float' and 'NoneType'
2025-09-16 10:16:50,903 - WARNING - 获取基金 002771 数据失败 (尝试 2/3): unsupported operand type(s) for -: 'float' and 'NoneType'
2025-09-16 10:16:51,378 - WARNING - 获取基金 005118 数据失败 (尝试 2/3): unsupported operand type(s) for -: 'float' and 'NoneType'
2025-09-16 10:16:51,853 - WARNING - 获取基金 005312 数据失败 (尝试 2/3): unsupported operand type(s) for -: 'float' and 'NoneType'
2025-09-16 10:16:52,111 - WARNING - 获取基金 001407 数据失败 (尝试 3/3): unsupported operand type(s) for -: 'float' and 'NoneType'
2025-09-16 10:16:52,422 - WARNING - 获取基金 001724 数据失败 (尝试 3/3): unsupported operand type(s) for -: 'float' and 'NoneType'
2025-09-16 10:16:52,540 - WARNING - 获取基金 002052 数据失败 (尝试 3/3): unsupported operand type(s) for -: 'float' and 'NoneType'
2025-09-16 10:16:52,968 - WARNING - 获取基金 002112 数据失败 (尝试 3/3): unsupported operand type(s) for -: 'float' and 'NoneType'
2025-09-16 10:16:53,387 - WARNING - 获取基金 002163 数据失败 (尝试 3/3): unsupported operand type(s) for -: 'float' and 'NoneType'
2025-09-16 10:16:54,050 - WARNING - 获取基金 002170 数据失败 (尝试 3/3): unsupported operand type(s) for -: 'float' and 'NoneType'
2025-09-16 10:16:54,349 - WARNING - 获取基金 002580 数据失败 (尝试 3/3): unsupported operand type(s) for -: 'float' and 'NoneType'
2025-09-16 10:16:54,851 - WARNING - 获取基金 002771 数据失败 (尝试 3/3): unsupported operand type(s) for -: 'float' and 'NoneType'
2025-09-16 10:16:55,369 - WARNING - 获取基金 005118 数据失败 (尝试 3/3): unsupported operand type(s) for -: 'float' and 'NoneType'
2025-09-16 10:16:55,664 - WARNING - 获取基金 005312 数据失败 (尝试 3/3): unsupported operand type(s) for -: 'float' and 'NoneType'
2025-09-16 10:16:56,665 - INFO - 处理批次 2，基金代码：['005551', '005959', '005963', '006503', '006523', '006888', '007114', '007356']
2025-09-16 10:16:56,666 - INFO - 正在获取基金 005551 的实时数据...
2025-09-16 10:16:57,597 - WARNING - 获取基金 005551 数据失败 (尝试 1/3): unsupported operand type(s) for -: 'float' and 'NoneType'
2025-09-16 10:16:57,597 - INFO - 正在获取基金 005551 的基金经理数据...
2025-09-16 10:17:16,222 - INFO - 基金 005551 经理数据已通过akshare获取：{'name': '单柏霖', 'tenure_years': 3.2575342465753425, 'cumulative_return': 71.36}
2025-09-16 10:17:16,222 - INFO - 正在获取基金 005551 的持仓数据...
2025-09-16 10:17:17,316 - INFO - 基金 005551 持仓数据已通过akshare获取。
2025-09-16 10:17:19,226 - INFO - 基金 005551 Beta系数计算完成：1.65
2025-09-16 10:17:19,227 - INFO - 正在获取基金 005959 的实时数据...
2025-09-16 10:17:20,544 - WARNING - 获取基金 005959 数据失败 (尝试 1/3): unsupported operand type(s) for -: 'float' and 'NoneType'
2025-09-16 10:17:20,544 - INFO - 正在获取基金 005959 的基金经理数据...
2025-09-16 10:17:40,685 - INFO - 基金 005959 经理数据已通过akshare获取：{'name': '沈犁', 'tenure_years': 4.638356164383562, 'cumulative_return': 100.88}
2025-09-16 10:17:40,685 - INFO - 正在获取基金 005959 的持仓数据...
2025-09-16 10:17:41,753 - INFO - 基金 005959 持仓数据已通过akshare获取。
2025-09-16 10:17:43,842 - INFO - 基金 005959 Beta系数计算完成：1.49
2025-09-16 10:17:43,842 - INFO - 正在获取基金 005963 的实时数据...
2025-09-16 10:17:44,958 - WARNING - 获取基金 005963 数据失败 (尝试 1/3): unsupported operand type(s) for -: 'float' and 'NoneType'
2025-09-16 10:17:44,958 - INFO - 正在获取基金 005963 的基金经理数据...
2025-09-16 10:18:05,288 - INFO - 基金 005963 经理数据已通过akshare获取：{'name': '张天闻', 'tenure_years': 2.7835616438356166, 'cumulative_return': 81.81}
2025-09-16 10:18:05,288 - INFO - 正在获取基金 005963 的持仓数据...
2025-09-16 10:18:06,686 - INFO - 基金 005963 持仓数据已通过akshare获取。
2025-09-16 10:18:08,296 - INFO - 基金 005963 Beta系数计算完成：1.31
2025-09-16 10:18:08,296 - INFO - 正在获取基金 006503 的实时数据...
2025-09-16 10:18:09,000 - WARNING - 获取基金 006503 数据失败 (尝试 1/3): unsupported operand type(s) for -: 'float' and 'NoneType'
2025-09-16 10:18:09,000 - INFO - 正在获取基金 006503 的基金经理数据...
2025-09-16 10:18:28,643 - INFO - 基金 006503 经理数据已通过akshare获取：{'name': '金梓才', 'tenure_years': 10.832876712328767, 'cumulative_return': 600.91}
2025-09-16 10:18:28,644 - INFO - 正在获取基金 006503 的持仓数据...
2025-09-16 10:18:29,598 - INFO - 基金 006503 持仓数据已通过akshare获取。
2025-09-16 10:18:31,483 - INFO - 基金 006503 Beta系数计算完成：1.54
2025-09-16 10:18:31,483 - INFO - 正在获取基金 006523 的实时数据...
2025-09-16 10:18:31,955 - WARNING - 获取基金 006523 数据失败 (尝试 1/3): unsupported operand type(s) for -: 'float' and 'NoneType'
2025-09-16 10:18:31,955 - INFO - 正在获取基金 006523 的基金经理数据...
2025-09-16 10:18:50,948 - INFO - 基金 006523 经理数据已通过akshare获取：{'name': '唐家伟', 'tenure_years': 3.673972602739726, 'cumulative_return': 43.86}
2025-09-16 10:18:50,948 - INFO - 正在获取基金 006523 的持仓数据...
2025-09-16 10:18:51,862 - INFO - 基金 006523 持仓数据已通过akshare获取。
2025-09-16 10:18:54,603 - INFO - 基金 006523 Beta系数计算完成：1.64
2025-09-16 10:18:54,603 - INFO - 正在获取基金 006888 的实时数据...
2025-09-16 10:18:55,463 - WARNING - 获取基金 006888 数据失败 (尝试 1/3): unsupported operand type(s) for -: 'float' and 'NoneType'
2025-09-16 10:18:55,463 - INFO - 正在获取基金 006888 的基金经理数据...
2025-09-16 10:19:13,753 - INFO - 基金 006888 经理数据已通过akshare获取：{'name': '周建胜', 'tenure_years': 3.1780821917808217, 'cumulative_return': 81.26}
2025-09-16 10:19:13,753 - INFO - 正在获取基金 006888 的持仓数据...
2025-09-16 10:19:15,322 - INFO - 基金 006888 持仓数据已通过akshare获取。
2025-09-16 10:19:17,215 - INFO - 基金 006888 Beta系数计算完成：1.64
2025-09-16 10:19:17,215 - INFO - 正在获取基金 007114 的实时数据...
2025-09-16 10:19:18,214 - WARNING - 获取基金 007114 数据失败 (尝试 1/3): unsupported operand type(s) for -: 'float' and 'NoneType'
2025-09-16 10:19:18,214 - INFO - 正在获取基金 007114 的基金经理数据...
2025-09-16 10:19:36,111 - INFO - 基金 007114 经理数据已通过akshare获取：{'name': '胡泽', 'tenure_years': 2.2849315068493152, 'cumulative_return': 125.52}
2025-09-16 10:19:36,111 - INFO - 正在获取基金 007114 的持仓数据...
2025-09-16 10:19:37,127 - INFO - 基金 007114 持仓数据已通过akshare获取。
2025-09-16 10:19:38,837 - INFO - 基金 007114 Beta系数计算完成：1.54
2025-09-16 10:19:38,837 - INFO - 正在获取基金 007356 的实时数据...
2025-09-16 10:19:40,253 - WARNING - 获取基金 007356 数据失败 (尝试 1/3): unsupported operand type(s) for -: 'float' and 'NoneType'
2025-09-16 10:19:40,253 - INFO - 正在获取基金 007356 的基金经理数据...
2025-09-16 10:19:58,571 - INFO - 基金 007356 经理数据已通过akshare获取：{'name': '马翔', 'tenure_years': 9.523287671232877, 'cumulative_return': 250.92}
2025-09-16 10:19:58,571 - INFO - 正在获取基金 007356 的持仓数据...
2025-09-16 10:19:59,826 - INFO - 基金 007356 持仓数据已通过akshare获取。
2025-09-16 10:20:02,227 - INFO - 基金 007356 Beta系数计算完成：1.27
2025-09-16 10:20:02,333 - WARNING - 获取基金 005551 数据失败 (尝试 2/3): unsupported operand type(s) for -: 'float' and 'NoneType'
2025-09-16 10:20:02,431 - WARNING - 获取基金 005959 数据失败 (尝试 2/3): unsupported operand type(s) for -: 'float' and 'NoneType'
2025-09-16 10:20:03,070 - WARNING - 获取基金 005963 数据失败 (尝试 2/3): unsupported operand type(s) for -: 'float' and 'NoneType'
2025-09-16 10:20:03,442 - WARNING - 获取基金 006503 数据失败 (尝试 2/3): unsupported operand type(s) for -: 'float' and 'NoneType'
2025-09-16 10:20:03,501 - WARNING - 获取基金 006523 数据失败 (尝试 2/3): unsupported operand type(s) for -: 'float' and 'NoneType'
2025-09-16 10:20:04,158 - WARNING - 获取基金 006888 数据失败 (尝试 2/3): unsupported operand type(s) for -: 'float' and 'NoneType'
2025-09-16 10:20:04,386 - WARNING - 获取基金 007114 数据失败 (尝试 2/3): unsupported operand type(s) for -: 'float' and 'NoneType'
2025-09-16 10:20:04,513 - WARNING - 获取基金 007356 数据失败 (尝试 2/3): unsupported operand type(s) for -: 'float' and 'NoneType'
2025-09-16 10:20:04,802 - WARNING - 获取基金 005551 数据失败 (尝试 3/3): unsupported operand type(s) for -: 'float' and 'NoneType'
2025-09-16 10:20:05,443 - WARNING - 获取基金 005959 数据失败 (尝试 3/3): unsupported operand type(s) for -: 'float' and 'NoneType'
2025-09-16 10:20:06,125 - WARNING - 获取基金 005963 数据失败 (尝试 3/3): unsupported operand type(s) for -: 'float' and 'NoneType'
2025-09-16 10:20:06,766 - WARNING - 获取基金 006503 数据失败 (尝试 3/3): unsupported operand type(s) for -: 'float' and 'NoneType'
2025-09-16 10:20:06,822 - WARNING - 获取基金 006523 数据失败 (尝试 3/3): unsupported operand type(s) for -: 'float' and 'NoneType'
2025-09-16 10:20:07,157 - WARNING - 获取基金 006888 数据失败 (尝试 3/3): unsupported operand type(s) for -: 'float' and 'NoneType'
2025-09-16 10:20:07,267 - WARNING - 获取基金 007114 数据失败 (尝试 3/3): unsupported operand type(s) for -: 'float' and 'NoneType'
2025-09-16 10:20:07,325 - WARNING - 获取基金 007356 数据失败 (尝试 3/3): unsupported operand type(s) for -: 'float' and 'NoneType'
2025-09-16 10:20:08,326 - INFO - 开始做出 001407 的投资决策:
2025-09-16 10:20:08,327 - INFO - 基金经理 江山 任职 3.47 年，累计回报 182.74%，信任度：True
2025-09-16 10:20:09,511 - INFO - 持仓分析：前十持仓集中度为 48.41%。集中度适中，风险可控。 前三行业集中度 91.50%，行业风险高。
2025-09-16 10:20:09,512 - INFO - 开始做出 001724 的投资决策:
2025-09-16 10:20:09,512 - INFO - 基金经理 梁国柱 任职 2.85 年，累计回报 56.93%，信任度：True
2025-09-16 10:20:10,395 - INFO - 持仓分析：前十持仓集中度为 37.80%。集中度适中，风险可控。
2025-09-16 10:20:10,396 - INFO - 开始做出 002052 的投资决策:
2025-09-16 10:20:10,396 - INFO - 基金经理 邓心怡 任职 3.20 年，累计回报 39.29%，信任度：True
2025-09-16 10:20:11,255 - INFO - 持仓分析：前十持仓集中度为 49.80%。集中度适中，风险可控。 前三行业集中度 85.04%，行业风险高。
2025-09-16 10:20:11,256 - INFO - 开始做出 002112 的投资决策:
2025-09-16 10:20:11,256 - INFO - 基金经理 雷涛 任职 3.72 年，累计回报 238.45%，信任度：True
2025-09-16 10:20:12,117 - INFO - 持仓分析：前十持仓集中度为 57.94%。集中度较高，风险偏大。 前三行业集中度 185.67%，行业风险高。
2025-09-16 10:20:12,117 - INFO - 开始做出 002163 的投资决策:
2025-09-16 10:20:12,118 - INFO - 基金经理 严凯 任职 5.38 年，累计回报 39.23%，信任度：True
2025-09-16 10:20:12,965 - INFO - 持仓分析：前十持仓集中度为 85.64%。集中度较高，风险偏大。 前三行业集中度 188.22%，行业风险高。
2025-09-16 10:20:12,966 - INFO - 开始做出 002170 的投资决策:
2025-09-16 10:20:12,966 - INFO - 基金经理 刘元海 任职 12.99 年，累计回报 549.84%，信任度：True
2025-09-16 10:20:14,458 - INFO - 持仓分析：前十持仓集中度为 78.61%。集中度较高，风险偏大。 前三行业集中度 93.33%，行业风险高。
2025-09-16 10:20:14,459 - INFO - 开始做出 002580 的投资决策:
2025-09-16 10:20:14,459 - INFO - 基金经理 董季周 任职 6.18 年，累计回报 190.31%，信任度：True
2025-09-16 10:20:15,287 - INFO - 持仓分析：前十持仓集中度为 94.25%。集中度较高，风险偏大。 前三行业集中度 94.50%，行业风险高。
2025-09-16 10:20:15,288 - INFO - 开始做出 002771 的投资决策:
2025-09-16 10:20:15,288 - INFO - 基金经理 陈鹏 任职 16.66 年，累计回报 210.84%，信任度：True
2025-09-16 10:20:16,153 - INFO - 持仓分析：前十持仓集中度为 51.02%。集中度较高，风险偏大。 前三行业集中度 85.01%，行业风险高。
2025-09-16 10:20:16,154 - INFO - 开始做出 005118 的投资决策:
2025-09-16 10:20:16,154 - INFO - 基金经理 谭智汨 任职 0.44 年，累计回报 52.14%，信任度：True
2025-09-16 10:20:17,036 - INFO - 持仓分析：前十持仓集中度为 42.80%。集中度适中，风险可控。 前三行业集中度 169.10%，行业风险高。
2025-09-16 10:20:17,036 - INFO - 开始做出 005312 的投资决策:
2025-09-16 10:20:17,036 - INFO - 基金经理 黄兴亮 任职 11.25 年，累计回报 167.91%，信任度：True
2025-09-16 10:20:17,888 - INFO - 持仓分析：前十持仓集中度为 75.95%。集中度较高，风险偏大。 前三行业集中度 93.58%，行业风险高。
2025-09-16 10:20:17,889 - INFO - 开始做出 005551 的投资决策:
2025-09-16 10:20:17,889 - INFO - 基金经理 单柏霖 任职 3.26 年，累计回报 71.36%，信任度：True
2025-09-16 10:20:18,745 - INFO - 持仓分析：前十持仓集中度为 64.99%。集中度较高，风险偏大。 前三行业集中度 165.54%，行业风险高。
2025-09-16 10:20:18,745 - INFO - 开始做出 005959 的投资决策:
2025-09-16 10:20:18,746 - INFO - 基金经理 沈犁 任职 4.64 年，累计回报 100.88%，信任度：True
2025-09-16 10:20:19,673 - INFO - 持仓分析：前十持仓集中度为 72.70%。集中度较高，风险偏大。 前三行业集中度 85.32%，行业风险高。
2025-09-16 10:20:19,674 - INFO - 开始做出 005963 的投资决策:
2025-09-16 10:20:19,674 - INFO - 基金经理 张天闻 任职 2.78 年，累计回报 81.81%，信任度：True
2025-09-16 10:20:20,540 - INFO - 持仓分析：前十持仓集中度为 47.19%。集中度适中，风险可控。
2025-09-16 10:20:20,540 - INFO - 开始做出 006503 的投资决策:
2025-09-16 10:20:20,541 - INFO - 基金经理 金梓才 任职 10.83 年，累计回报 600.91%，信任度：True
2025-09-16 10:20:21,377 - INFO - 持仓分析：前十持仓集中度为 64.28%。集中度较高，风险偏大。 前三行业集中度 94.68%，行业风险高。
2025-09-16 10:20:21,377 - INFO - 开始做出 006523 的投资决策:
2025-09-16 10:20:21,377 - INFO - 基金经理 唐家伟 任职 3.67 年，累计回报 43.86%，信任度：True
2025-09-16 10:20:23,256 - INFO - 持仓分析：前十持仓集中度为 55.45%。集中度较高，风险偏大。
2025-09-16 10:20:23,257 - INFO - 开始做出 006888 的投资决策:
2025-09-16 10:20:23,257 - INFO - 基金经理 周建胜 任职 3.18 年，累计回报 81.26%，信任度：True
2025-09-16 10:20:24,101 - INFO - 持仓分析：前十持仓集中度为 34.12%。集中度适中，风险可控。 前三行业集中度 140.76%，行业风险高。
2025-09-16 10:20:24,102 - INFO - 开始做出 007114 的投资决策:
2025-09-16 10:20:24,102 - INFO - 基金经理 胡泽 任职 2.28 年，累计回报 125.52%，信任度：True
2025-09-16 10:20:24,963 - INFO - 持仓分析：前十持仓集中度为 61.54%。集中度较高，风险偏大。 前三行业集中度 93.42%，行业风险高。
2025-09-16 10:20:24,963 - INFO - 开始做出 007356 的投资决策:
2025-09-16 10:20:24,963 - INFO - 基金经理 马翔 任职 9.52 年，累计回报 250.92%，信任度：True
2025-09-16 10:20:25,881 - INFO - 持仓分析：前十持仓集中度为 40.61%。集中度适中，风险可控。
