2025-09-18 05:40:17,549 - INFO - 脚本启动
2025-09-18 05:40:17,550 - INFO - 正在解析 analysis_report.md 获取推荐基金代码...
2025-09-18 05:40:17,550 - INFO - analysis_report.md 内容（前1000字符）: --- 批量基金分析报告 ---

生成日期: 2025-09-18 09:05:50

--- 汇总结果 ---

### 推荐基金

|   fund_code | fund_name                |   score |
|------------:|:-------------------------|--------:|
|      007509 | 华商润丰灵活配置混合C              |      63 |
|      015690 | 富国中小盘精选混合C               |      60 |
|      014728 | 易方达成长动力混合C               |      60 |
|      015692 | 富国通胀通缩主题轮动混合C            |      59 |
|      015715 | 富国成长动力混合C                |      58 |
|      014318 | 广发价值领航一年持有混合C            |      57 |
|      002771 | 安信新回报混合C                 |      57 |
|      015144 | 中欧智能制造混合C                |      57 |
|      015686 | 富国新兴产业股票C                |      57 |
|      018836 | 广发成长启航混合C                |      54 |
|      020671 | 易方达上证科创板芯片指数发起式C         |      54 |
|      002170 | 东吴移动互联混合C                |      54 |
|      519771 | 交银优择回报灵活配置混合C            |      54 |
|      020477 | 泰康半导体量化选股股票发起式C          |      54 |
|      020629 | 汇添富上证科创板芯片ETF发起式联接C      |      54 |
|      019924 | 华泰柏瑞中证2000指数增强
2025-09-18 05:40:17,553 - INFO - 提取到 10 个基金（测试限制前10个）: ['001407', '001724', '002052', '002112', '002163', '002170', '002580', '002771', '005118', '005312']
2025-09-18 05:40:17,553 - INFO - 开始使用多线程获取 10 个基金的数据...
2025-09-18 05:40:17,564 - INFO - 正在获取基金 001407 的净值数据...
2025-09-18 05:40:17,564 - INFO - 正在获取基金 001724 的净值数据...
2025-09-18 05:40:17,565 - INFO - 正在获取基金 002052 的净值数据...
2025-09-18 05:40:17,566 - INFO - 正在获取基金 002112 的净值数据...
2025-09-18 05:40:17,567 - INFO - 正在获取基金 002163 的净值数据...
2025-09-18 05:40:17,574 - INFO - 本地已存在基金 001724 数据，最新日期为: 2025-09-17
2025-09-18 05:40:17,575 - INFO - 本地已存在基金 002052 数据，最新日期为: 2025-09-17
2025-09-18 05:40:17,576 - INFO - 本地已存在基金 001407 数据，最新日期为: 2025-09-17
2025-09-18 05:40:17,577 - INFO - 本地已存在基金 002163 数据，最新日期为: 2025-09-17
2025-09-18 05:40:17,579 - INFO - 本地已存在基金 002112 数据，最新日期为: 2025-09-17
2025-09-18 05:40:18,675 - INFO - 基金 002052 第 1 页获取 20 行数据
2025-09-18 05:40:18,675 - ERROR - 获取基金 002052 数据失败: 'TotalPage'
2025-09-18 05:40:18,675 - INFO - 使用本地历史数据返回
2025-09-18 05:40:18,678 - INFO - 正在获取基金 002170 的净值数据...
2025-09-18 05:40:18,680 - INFO - 本地已存在基金 002170 数据，最新日期为: 2025-09-17
2025-09-18 05:40:18,686 - INFO - 基金 002163 第 1 页获取 20 行数据
2025-09-18 05:40:18,687 - ERROR - 获取基金 002163 数据失败: 'TotalPage'
2025-09-18 05:40:18,687 - INFO - 使用本地历史数据返回
2025-09-18 05:40:18,689 - INFO - 正在获取基金 002580 的净值数据...
2025-09-18 05:40:18,691 - INFO - 本地已存在基金 002580 数据，最新日期为: 2025-09-17
2025-09-18 05:40:18,702 - INFO - 基金 001724 第 1 页获取 20 行数据
2025-09-18 05:40:18,702 - ERROR - 获取基金 001724 数据失败: 'TotalPage'
2025-09-18 05:40:18,703 - INFO - 使用本地历史数据返回
2025-09-18 05:40:18,706 - INFO - 基金 001407 第 1 页获取 20 行数据
2025-09-18 05:40:18,710 - INFO - 基金 002112 第 1 页获取 20 行数据
2025-09-18 05:40:18,710 - ERROR - 获取基金 001407 数据失败: 'TotalPage'
2025-09-18 05:40:18,710 - ERROR - 获取基金 002112 数据失败: 'TotalPage'
2025-09-18 05:40:18,710 - INFO - 使用本地历史数据返回
2025-09-18 05:40:18,710 - INFO - 使用本地历史数据返回
2025-09-18 05:40:18,713 - INFO - 正在获取基金 002771 的净值数据...
2025-09-18 05:40:18,717 - INFO - 正在获取基金 005118 的净值数据...
2025-09-18 05:40:18,718 - INFO - 本地已存在基金 002771 数据，最新日期为: 2025-09-17
2025-09-18 05:40:18,720 - INFO - 正在获取基金 005312 的净值数据...
2025-09-18 05:40:18,723 - INFO - 本地已存在基金 005118 数据，最新日期为: 2025-09-17
2025-09-18 05:40:18,726 - INFO - 本地已存在基金 005312 数据，最新日期为: 2025-09-17
2025-09-18 05:40:19,197 - INFO - 基金 002170 第 1 页获取 20 行数据
2025-09-18 05:40:19,198 - ERROR - 获取基金 002170 数据失败: 'TotalPage'
2025-09-18 05:40:19,198 - INFO - 使用本地历史数据返回
2025-09-18 05:40:19,252 - INFO - 基金 005312 第 1 页获取 20 行数据
2025-09-18 05:40:19,252 - ERROR - 获取基金 005312 数据失败: 'TotalPage'
2025-09-18 05:40:19,252 - INFO - 使用本地历史数据返回
2025-09-18 05:40:19,256 - INFO - 基金 005118 第 1 页获取 20 行数据
2025-09-18 05:40:19,257 - ERROR - 获取基金 005118 数据失败: 'TotalPage'
2025-09-18 05:40:19,257 - INFO - 使用本地历史数据返回
2025-09-18 05:40:19,264 - INFO - 基金 002580 第 1 页获取 20 行数据
2025-09-18 05:40:19,264 - ERROR - 获取基金 002580 数据失败: 'TotalPage'
2025-09-18 05:40:19,264 - INFO - 使用本地历史数据返回
2025-09-18 05:40:20,313 - INFO - 基金 002771 第 1 页获取 20 行数据
2025-09-18 05:40:20,313 - ERROR - 获取基金 002771 数据失败: 'TotalPage'
2025-09-18 05:40:20,313 - INFO - 使用本地历史数据返回
2025-09-18 05:40:20,317 - INFO - 所有基金数据处理完成。
2025-09-18 05:40:20,317 - INFO - 正在生成市场监控报告...
2025-09-18 05:40:20,317 - INFO - 报告生成完成: market_monitor_report.md
2025-09-18 05:40:20,317 - INFO - market_monitor_report.md 内容: # 市场情绪与技术指标监控报告

生成日期: 2025-09-18 05:40:20

## 推荐基金技术指标 (处理基金数: 10)
| 基金代码 | 最新净值 | RSI | 净值/MA50 | 投资建议 |
|----------|----------|-----|-----------|----------|
| 001407 | 3.9640 | 67.25 | 1.11 | 可分批买入 |
| 001724 | 2.2480 | 51.47 | 1.00 | 可分批买入 |
| 002052 | 1.8700 | 54.44 | 1.07 | 可分批买入 |
| 002112 | 3.2759 | 55.01 | 1.10 | 可分批买入 |
| 002163 | 1.3490 | 52.46 | 1.06 | 可分批买入 |
| 002170 | 5.6575 | 59.97 | 1.08 | 可分批买入 |
| 002580 | 1.4370 | 47.00 | 1.04 | 可分批买入 |
| 002771 | 4.5106 | 56.64 | 1.07 | 可分批买入 |
| 005118 | 1.6297 | 48.58 | 0.98 | 可分批买入 |
| 005312 | 2.1157 | 50.04 | 1.03 | 可分批买入 |

2025-09-18 05:40:20,317 - INFO - 脚本执行完成
